<?xml version="1.0" encoding="UTF-8"?>
<!-- Generated by org.testng.reporters.JUnitReportReporter -->
<testsuite hostname="GSK-QA-062" failures="0" tests="1" name="mavenendtoend.end2end.Driver" time="6.516" errors="0" timestamp="2020-07-07T12:33:25 IST" skipped="0">
  <testcase classname="mavenendtoend.end2end.Driver" name="chrome" time="6.516"/>
  <system-out/>
</testsuite> <!-- mavenendtoend.end2end.Driver -->
