<?xml version="1.0" encoding="UTF-8"?>
<!-- Generated by org.testng.reporters.JUnitReportReporter -->
<testsuite hostname="GSK-QA-062" failures="0" tests="1" name="mavenendtoend.end2end.KanTest" time="52.394" errors="0" timestamp="2020-07-13T18:17:04 IST" skipped="0">
  <testcase classname="mavenendtoend.end2end.KanTest" name="browser" time="52.394"/>
  <system-out/>
</testsuite> <!-- mavenendtoend.end2end.KanTest -->
